<?xml version="1.0" encoding="UTF-8"?>
<testng-results ignored="0" total="1" passed="1" failed="0" skipped="0">
  <reporter-output>
  </reporter-output>
  <suite started-at="2022-05-31T13:54:04 IST" name="GetOI" finished-at="2022-05-31T13:54:17 IST" duration-ms="13483">
    <groups>
    </groups>
    <test started-at="2022-05-31T13:54:04 IST" name="First Test" finished-at="2022-05-31T13:54:17 IST" duration-ms="13483">
      <class name="SensiBullOIData">
        <test-method is-config="true" signature="setup()[pri:0, instance:SensiBullOIData@1b1426f4]" started-at="2022-05-31T13:54:04 IST" name="setup" finished-at="2022-05-31T13:54:08 IST" duration-ms="4663" status="PASS">
          <reporter-output>
          </reporter-output>
        </test-method> <!-- setup -->
        <test-method signature="GetSensiBullOIData()[pri:0, instance:SensiBullOIData@1b1426f4]" started-at="2022-05-31T13:54:08 IST" name="GetSensiBullOIData" finished-at="2022-05-31T13:54:17 IST" duration-ms="8761" status="PASS">
          <reporter-output>
          </reporter-output>
        </test-method> <!-- GetSensiBullOIData -->
      </class> <!-- SensiBullOIData -->
    </test> <!-- First Test -->
  </suite> <!-- GetOI -->
</testng-results>
